# JRE version: Java(TM) SE Runtime Environment (8.0_152-b16) (build 1.8.0_152-b16)
# Java VM: Java HotSpot(TM) 64-Bit Server VM (25.152-b16 mixed mode windows-amd64 compressed oops)
Heap:
 PSYoungGen      total 215552K, used 79129K [0x000000066ab00000, 0x000000067ad80000, 0x00000007c0000000)
  eden space 167424K, 47% used [0x000000066ab00000,0x000000066f82e6d8,0x0000000674e80000)
  from space 48128K, 0% used [0x0000000677e80000,0x0000000677e98000,0x000000067ad80000)
  to   space 48640K, 0% used [0x0000000674e80000,0x0000000674e80000,0x0000000677e00000)
 ParOldGen       total 93696K, used 64885K [0x00000003c0000000, 0x00000003c5b80000, 0x000000066ab00000)
  object space 93696K, 69% used [0x00000003c0000000,0x00000003c3f5d7b0,0x00000003c5b80000)
 Metaspace       used 54710K, capacity 55672K, committed 55848K, reserved 1097728K
  class space    used 8214K, capacity 8450K, committed 8488K, reserved 1048576K
GC Heap History (10 events):
Event: 10.786 GC heap before
{Heap before GC invocations=17 (full 3):
 PSYoungGen      total 167424K, used 116469K [0x000000066ab00000, 0x000000067ae80000, 0x00000007c0000000)
  eden space 117760K, 98% used [0x000000066ab00000,0x0000000671c9d720,0x0000000671e00000)
  from space 49664K, 0% used [0x0000000671e00000,0x0000000671e20000,0x0000000674e80000)
  to   space 49152K, 0% used [0x0000000677e80000,0x0000000677e80000,0x000000067ae80000)
 ParOldGen       total 93696K, used 64821K [0x00000003c0000000, 0x00000003c5b80000, 0x000000066ab00000)
  object space 93696K, 69% used [0x00000003c0000000,0x00000003c3f4d7b0,0x00000003c5b80000)
 Metaspace       used 53570K, capacity 54514K, committed 54696K, reserved 1095680K
  class space    used 8025K, capacity 8257K, committed 8360K, reserved 1048576K
Event: 10.788 GC heap after
Heap after GC invocations=17 (full 3):
 PSYoungGen      total 215552K, used 160K [0x000000066ab00000, 0x000000067ad80000, 0x00000007c0000000)
  eden space 167424K, 0% used [0x000000066ab00000,0x000000066ab00000,0x0000000674e80000)
  from space 48128K, 0% used [0x0000000677e80000,0x0000000677ea8000,0x000000067ad80000)
  to   space 48640K, 0% used [0x0000000674e80000,0x0000000674e80000,0x0000000677e00000)
 ParOldGen       total 93696K, used 64845K [0x00000003c0000000, 0x00000003c5b80000, 0x000000066ab00000)
  object space 93696K, 69% used [0x00000003c0000000,0x00000003c3f537b0,0x00000003c5b80000)
 Metaspace       used 53570K, capacity 54514K, committed 54696K, reserved 1095680K
  class space    used 8025K, capacity 8257K, committed 8360K, reserved 1048576K
}
Event: 10.838 GC heap before
{Heap before GC invocations=18 (full 3):
 PSYoungGen      total 215552K, used 167529K [0x000000066ab00000, 0x000000067ad80000, 0x00000007c0000000)
  eden space 167424K, 99% used [0x000000066ab00000,0x0000000674e726a0,0x0000000674e80000)
  from space 48128K, 0% used [0x0000000677e80000,0x0000000677ea8000,0x000000067ad80000)
  to   space 48640K, 0% used [0x0000000674e80000,0x0000000674e80000,0x0000000677e00000)
 ParOldGen       total 93696K, used 64845K [0x00000003c0000000, 0x00000003c5b80000, 0x000000066ab00000)
  object space 93696K, 69% used [0x00000003c0000000,0x00000003c3f537b0,0x00000003c5b80000)
 Metaspace       used 53570K, capacity 54514K, committed 54696K, reserved 1095680K
  class space    used 8025K, capacity 8257K, committed 8360K, reserved 1048576K
Event: 10.841 GC heap after
Heap after GC invocations=18 (full 3):
 PSYoungGen      total 216064K, used 128K [0x000000066ab00000, 0x000000067ad80000, 0x00000007c0000000)
  eden space 167424K, 0% used [0x000000066ab00000,0x000000066ab00000,0x0000000674e80000)
  from space 48640K, 0% used [0x0000000674e80000,0x0000000674ea0000,0x0000000677e00000)
  to   space 48128K, 0% used [0x0000000677e80000,0x0000000677e80000,0x000000067ad80000)
 ParOldGen       total 93696K, used 64845K [0x00000003c0000000, 0x00000003c5b80000, 0x000000066ab00000)
  object space 93696K, 69% used [0x00000003c0000000,0x00000003c3f537b0,0x00000003c5b80000)
 Metaspace       used 53570K, capacity 54514K, committed 54696K, reserved 1095680K
  class space    used 8025K, capacity 8257K, committed 8360K, reserved 1048576K
}
Event: 10.888 GC heap before
{Heap before GC invocations=19 (full 3):
 PSYoungGen      total 216064K, used 167548K [0x000000066ab00000, 0x000000067ad80000, 0x00000007c0000000)
  eden space 167424K, 99% used [0x000000066ab00000,0x0000000674e7f3b0,0x0000000674e80000)
  from space 48640K, 0% used [0x0000000674e80000,0x0000000674ea0000,0x0000000677e00000)
  to   space 48128K, 0% used [0x0000000677e80000,0x0000000677e80000,0x000000067ad80000)
 ParOldGen       total 93696K, used 64845K [0x00000003c0000000, 0x00000003c5b80000, 0x000000066ab00000)
  object space 93696K, 69% used [0x00000003c0000000,0x00000003c3f537b0,0x00000003c5b80000)
 Metaspace       used 53570K, capacity 54514K, committed 54696K, reserved 1095680K
  class space    used 8025K, capacity 8257K, committed 8360K, reserved 1048576K
Event: 10.890 GC heap after
Heap after GC invocations=19 (full 3):
 PSYoungGen      total 215552K, used 64K [0x000000066ab00000, 0x000000067ad80000, 0x00000007c0000000)
  eden space 167424K, 0% used [0x000000066ab00000,0x000000066ab00000,0x0000000674e80000)
  from space 48128K, 0% used [0x0000000677e80000,0x0000000677e90000,0x000000067ad80000)
  to   space 48640K, 0% used [0x0000000674e80000,0x0000000674e80000,0x0000000677e00000)
 ParOldGen       total 93696K, used 64869K [0x00000003c0000000, 0x00000003c5b80000, 0x000000066ab00000)
  object space 93696K, 69% used [0x00000003c0000000,0x00000003c3f597b0,0x00000003c5b80000)
 Metaspace       used 53570K, capacity 54514K, committed 54696K, reserved 1095680K
  class space    used 8025K, capacity 8257K, committed 8360K, reserved 1048576K
}
Event: 10.937 GC heap before
{Heap before GC invocations=20 (full 3):
 PSYoungGen      total 215552K, used 160416K [0x000000066ab00000, 0x000000067ad80000, 0x00000007c0000000)
  eden space 167424K, 95% used [0x000000066ab00000,0x0000000674798138,0x0000000674e80000)
  from space 48128K, 0% used [0x0000000677e80000,0x0000000677e90000,0x000000067ad80000)
  to   space 48640K, 0% used [0x0000000674e80000,0x0000000674e80000,0x0000000677e00000)
 ParOldGen       total 93696K, used 64869K [0x00000003c0000000, 0x00000003c5b80000, 0x000000066ab00000)
  object space 93696K, 69% used [0x00000003c0000000,0x00000003c3f597b0,0x00000003c5b80000)
 Metaspace       used 53570K, capacity 54514K, committed 54696K, reserved 1095680K
  class space    used 8025K, capacity 8257K, committed 8360K, reserved 1048576K
Event: 10.939 GC heap after
Heap after GC invocations=20 (full 3):
 PSYoungGen      total 216064K, used 192K [0x000000066ab00000, 0x000000067ad80000, 0x00000007c0000000)
  eden space 167424K, 0% used [0x000000066ab00000,0x000000066ab00000,0x0000000674e80000)
  from space 48640K, 0% used [0x0000000674e80000,0x0000000674eb0000,0x0000000677e00000)
  to   space 48128K, 0% used [0x0000000677e80000,0x0000000677e80000,0x000000067ad80000)
 ParOldGen       total 93696K, used 64869K [0x00000003c0000000, 0x00000003c5b80000, 0x000000066ab00000)
  object space 93696K, 69% used [0x00000003c0000000,0x00000003c3f597b0,0x00000003c5b80000)
 Metaspace       used 53570K, capacity 54514K, committed 54696K, reserved 1095680K
  class space    used 8025K, capacity 8257K, committed 8360K, reserved 1048576K
}
Event: 10.986 GC heap before
{Heap before GC invocations=21 (full 3):
 PSYoungGen      total 216064K, used 160557K [0x000000066ab00000, 0x000000067ad80000, 0x00000007c0000000)
  eden space 167424K, 95% used [0x000000066ab00000,0x000000067479b420,0x0000000674e80000)
  from space 48640K, 0% used [0x0000000674e80000,0x0000000674eb0000,0x0000000677e00000)
  to   space 48128K, 0% used [0x0000000677e80000,0x0000000677e80000,0x000000067ad80000)
 ParOldGen       total 93696K, used 64869K [0x00000003c0000000, 0x00000003c5b80000, 0x000000066ab00000)
  object space 93696K, 69% used [0x00000003c0000000,0x00000003c3f597b0,0x00000003c5b80000)
 Metaspace       used 53570K, capacity 54514K, committed 54696K, reserved 1095680K
  class space    used 8025K, capacity 8257K, committed 8360K, reserved 1048576K
Event: 10.988 GC heap after
Heap after GC invocations=21 (full 3):
 PSYoungGen      total 215552K, used 96K [0x000000066ab00000, 0x000000067ad80000, 0x00000007c0000000)
  eden space 167424K, 0% used [0x000000066ab00000,0x000000066ab00000,0x0000000674e80000)
  from space 48128K, 0% used [0x0000000677e80000,0x0000000677e98000,0x000000067ad80000)
  to   space 48640K, 0% used [0x0000000674e80000,0x0000000674e80000,0x0000000677e00000)
 ParOldGen       total 93696K, used 64885K [0x00000003c0000000, 0x00000003c5b80000, 0x000000066ab00000)
  object space 93696K, 69% used [0x00000003c0000000,0x00000003c3f5d7b0,0x00000003c5b80000)
 Metaspace       used 53570K, capacity 54514K, committed 54696K, reserved 1095680K
  class space    used 8025K, capacity 8257K, committed 8360K, reserved 1048576K
}

