# JRE version: Java(TM) SE Runtime Environment (8.0_152-b16) (build 1.8.0_152-b16)
# Java VM: Java HotSpot(TM) 64-Bit Server VM (25.152-b16 mixed mode windows-amd64 compressed oops)
Heap:
 PSYoungGen      total 424960K, used 58798K [0x000000066ab00000, 0x0000000688600000, 0x00000007c0000000)
  eden space 391168K, 13% used [0x000000066ab00000,0x000000066dd455c8,0x0000000682900000)
  from space 33792K, 21% used [0x0000000686500000,0x0000000686c26578,0x0000000688600000)
  to   space 47616K, 0% used [0x0000000682900000,0x0000000682900000,0x0000000685780000)
 ParOldGen       total 180736K, used 72121K [0x00000003c0000000, 0x00000003cb080000, 0x000000066ab00000)
  object space 180736K, 39% used [0x00000003c0000000,0x00000003c466e708,0x00000003cb080000)
 Metaspace       used 61940K, capacity 63040K, committed 63384K, reserved 1103872K
  class space    used 9003K, capacity 9296K, committed 9368K, reserved 1048576K
GC Heap History (10 events):
Event: 51.090 GC heap before
{Heap before GC invocations=13 (full 3):
 PSYoungGen      total 288256K, used 25020K [0x000000066ab00000, 0x000000067fe80000, 0x00000007c0000000)
  eden space 247296K, 0% used [0x000000066ab00000,0x000000066ab00000,0x0000000679c80000)
  from space 40960K, 61% used [0x000000067d680000,0x000000067eeef3a8,0x000000067fe80000)
  to   space 50176K, 0% used [0x0000000679c80000,0x0000000679c80000,0x000000067cd80000)
 ParOldGen       total 100352K, used 97648K [0x00000003c0000000, 0x00000003c6200000, 0x000000066ab00000)
  object space 100352K, 97% used [0x00000003c0000000,0x00000003c5f5c188,0x00000003c6200000)
 Metaspace       used 58078K, capacity 59076K, committed 59160K, reserved 1099776K
  class space    used 8652K, capacity 8928K, committed 8984K, reserved 1048576K
Event: 51.247 GC heap after
Heap after GC invocations=13 (full 3):
 PSYoungGen      total 288256K, used 0K [0x000000066ab00000, 0x000000067fe80000, 0x00000007c0000000)
  eden space 247296K, 0% used [0x000000066ab00000,0x000000066ab00000,0x0000000679c80000)
  from space 40960K, 0% used [0x000000067d680000,0x000000067d680000,0x000000067fe80000)
  to   space 50176K, 0% used [0x0000000679c80000,0x0000000679c80000,0x000000067cd80000)
 ParOldGen       total 180736K, used 67439K [0x00000003c0000000, 0x00000003cb080000, 0x000000066ab00000)
  object space 180736K, 37% used [0x00000003c0000000,0x00000003c41dbf58,0x00000003cb080000)
 Metaspace       used 58078K, capacity 59076K, committed 59160K, reserved 1099776K
  class space    used 8652K, capacity 8928K, committed 8984K, reserved 1048576K
}
Event: 71.984 GC heap before
{Heap before GC invocations=14 (full 3):
 PSYoungGen      total 288256K, used 247296K [0x000000066ab00000, 0x000000067fe80000, 0x00000007c0000000)
  eden space 247296K, 100% used [0x000000066ab00000,0x0000000679c80000,0x0000000679c80000)
  from space 40960K, 0% used [0x000000067d680000,0x000000067d680000,0x000000067fe80000)
  to   space 50176K, 0% used [0x0000000679c80000,0x0000000679c80000,0x000000067cd80000)
 ParOldGen       total 180736K, used 67439K [0x00000003c0000000, 0x00000003cb080000, 0x000000066ab00000)
  object space 180736K, 37% used [0x00000003c0000000,0x00000003c41dbf58,0x00000003cb080000)
 Metaspace       used 59819K, capacity 60926K, committed 61080K, reserved 1101824K
  class space    used 8805K, capacity 9091K, committed 9112K, reserved 1048576K
Event: 71.991 GC heap after
Heap after GC invocations=14 (full 3):
 PSYoungGen      total 297472K, used 10776K [0x000000066ab00000, 0x0000000685000000, 0x00000007c0000000)
  eden space 247296K, 0% used [0x000000066ab00000,0x000000066ab00000,0x0000000679c80000)
  from space 50176K, 21% used [0x0000000679c80000,0x000000067a7062c0,0x000000067cd80000)
  to   space 49664K, 0% used [0x0000000681f80000,0x0000000681f80000,0x0000000685000000)
 ParOldGen       total 180736K, used 67447K [0x00000003c0000000, 0x00000003cb080000, 0x000000066ab00000)
  object space 180736K, 37% used [0x00000003c0000000,0x00000003c41ddf58,0x00000003cb080000)
 Metaspace       used 59819K, capacity 60926K, committed 61080K, reserved 1101824K
  class space    used 8805K, capacity 9091K, committed 9112K, reserved 1048576K
}
Event: 94.710 GC heap before
{Heap before GC invocations=15 (full 3):
 PSYoungGen      total 297472K, used 258072K [0x000000066ab00000, 0x0000000685000000, 0x00000007c0000000)
  eden space 247296K, 100% used [0x000000066ab00000,0x0000000679c80000,0x0000000679c80000)
  from space 50176K, 21% used [0x0000000679c80000,0x000000067a7062c0,0x000000067cd80000)
  to   space 49664K, 0% used [0x0000000681f80000,0x0000000681f80000,0x0000000685000000)
 ParOldGen       total 180736K, used 67447K [0x00000003c0000000, 0x00000003cb080000, 0x000000066ab00000)
  object space 180736K, 37% used [0x00000003c0000000,0x00000003c41ddf58,0x00000003cb080000)
 Metaspace       used 60267K, capacity 61322K, committed 61592K, reserved 1101824K
  class space    used 8822K, capacity 9091K, committed 9112K, reserved 1048576K
Event: 94.719 GC heap after
Heap after GC invocations=15 (full 3):
 PSYoungGen      total 358912K, used 9266K [0x000000066ab00000, 0x0000000684400000, 0x00000007c0000000)
  eden space 321536K, 0% used [0x000000066ab00000,0x000000066ab00000,0x000000067e500000)
  from space 37376K, 24% used [0x0000000681f80000,0x000000068288cb00,0x0000000684400000)
  to   space 48640K, 0% used [0x000000067e500000,0x000000067e500000,0x0000000681480000)
 ParOldGen       total 180736K, used 70908K [0x00000003c0000000, 0x00000003cb080000, 0x000000066ab00000)
  object space 180736K, 39% used [0x00000003c0000000,0x00000003c453f3b0,0x00000003cb080000)
 Metaspace       used 60267K, capacity 61322K, committed 61592K, reserved 1101824K
  class space    used 8822K, capacity 9091K, committed 9112K, reserved 1048576K
}
Event: 157.184 GC heap before
{Heap before GC invocations=16 (full 3):
 PSYoungGen      total 358912K, used 330802K [0x000000066ab00000, 0x0000000684400000, 0x00000007c0000000)
  eden space 321536K, 100% used [0x000000066ab00000,0x000000067e500000,0x000000067e500000)
  from space 37376K, 24% used [0x0000000681f80000,0x000000068288cb00,0x0000000684400000)
  to   space 48640K, 0% used [0x000000067e500000,0x000000067e500000,0x0000000681480000)
 ParOldGen       total 180736K, used 70908K [0x00000003c0000000, 0x00000003cb080000, 0x000000066ab00000)
  object space 180736K, 39% used [0x00000003c0000000,0x00000003c453f3b0,0x00000003cb080000)
 Metaspace       used 60973K, capacity 62042K, committed 62232K, reserved 1101824K
  class space    used 8908K, capacity 9159K, committed 9240K, reserved 1048576K
Event: 157.190 GC heap after
Heap after GC invocations=16 (full 3):
 PSYoungGen      total 370176K, used 5057K [0x000000066ab00000, 0x0000000689480000, 0x00000007c0000000)
  eden space 321536K, 0% used [0x000000066ab00000,0x000000066ab00000,0x000000067e500000)
  from space 48640K, 10% used [0x000000067e500000,0x000000067e9f0700,0x0000000681480000)
  to   space 48640K, 0% used [0x0000000686500000,0x0000000686500000,0x0000000689480000)
 ParOldGen       total 180736K, used 72113K [0x00000003c0000000, 0x00000003cb080000, 0x000000066ab00000)
  object space 180736K, 39% used [0x00000003c0000000,0x00000003c466c708,0x00000003cb080000)
 Metaspace       used 60973K, capacity 62042K, committed 62232K, reserved 1101824K
  class space    used 8908K, capacity 9159K, committed 9240K, reserved 1048576K
}
Event: 240.728 GC heap before
{Heap before GC invocations=17 (full 3):
 PSYoungGen      total 370176K, used 326593K [0x000000066ab00000, 0x0000000689480000, 0x00000007c0000000)
  eden space 321536K, 100% used [0x000000066ab00000,0x000000067e500000,0x000000067e500000)
  from space 48640K, 10% used [0x000000067e500000,0x000000067e9f0700,0x0000000681480000)
  to   space 48640K, 0% used [0x0000000686500000,0x0000000686500000,0x0000000689480000)
 ParOldGen       total 180736K, used 72113K [0x00000003c0000000, 0x00000003cb080000, 0x000000066ab00000)
  object space 180736K, 39% used [0x00000003c0000000,0x00000003c466c708,0x00000003cb080000)
 Metaspace       used 61806K, capacity 62862K, committed 63128K, reserved 1103872K
  class space    used 8991K, capacity 9261K, committed 9368K, reserved 1048576K
Event: 240.741 GC heap after
Heap after GC invocations=17 (full 3):
 PSYoungGen      total 424960K, used 7321K [0x000000066ab00000, 0x0000000688600000, 0x00000007c0000000)
  eden space 391168K, 0% used [0x000000066ab00000,0x000000066ab00000,0x0000000682900000)
  from space 33792K, 21% used [0x0000000686500000,0x0000000686c26578,0x0000000688600000)
  to   space 47616K, 0% used [0x0000000682900000,0x0000000682900000,0x0000000685780000)
 ParOldGen       total 180736K, used 72121K [0x00000003c0000000, 0x00000003cb080000, 0x000000066ab00000)
  object space 180736K, 39% used [0x00000003c0000000,0x00000003c466e708,0x00000003cb080000)
 Metaspace       used 61806K, capacity 62862K, committed 63128K, reserved 1103872K
  class space    used 8991K, capacity 9261K, committed 9368K, reserved 1048576K
}

