# JRE version: Java(TM) SE Runtime Environment (8.0_152-b16) (build 1.8.0_152-b16)
# Java VM: Java HotSpot(TM) 64-Bit Server VM (25.152-b16 mixed mode windows-amd64 compressed oops)
Heap:
 PSYoungGen      total 209920K, used 32292K [0x000000066ab00000, 0x000000067c680000, 0x00000007c0000000)
  eden space 161792K, 19% used [0x000000066ab00000,0x000000066ca890f8,0x0000000674900000)
  from space 48128K, 0% used [0x0000000678380000,0x0000000678380000,0x000000067b280000)
  to   space 59904K, 0% used [0x0000000674900000,0x0000000674900000,0x0000000678380000)
 ParOldGen       total 104448K, used 69070K [0x00000003c0000000, 0x00000003c6600000, 0x000000066ab00000)
  object space 104448K, 66% used [0x00000003c0000000,0x00000003c4373948,0x00000003c6600000)
 Metaspace       used 58172K, capacity 59250K, committed 59432K, reserved 1099776K
  class space    used 8720K, capacity 8989K, committed 9000K, reserved 1048576K
GC Heap History (10 events):
Event: 3.467 GC heap before
{Heap before GC invocations=7 (full 2):
 PSYoungGen      total 132096K, used 5108K [0x000000066ab00000, 0x0000000674380000, 0x00000007c0000000)
  eden space 126976K, 0% used [0x000000066ab00000,0x000000066ab00000,0x0000000672700000)
  from space 5120K, 99% used [0x0000000672700000,0x0000000672bfd070,0x0000000672c00000)
  to   space 11776K, 0% used [0x0000000673800000,0x0000000673800000,0x0000000674380000)
 ParOldGen       total 66048K, used 19490K [0x00000003c0000000, 0x00000003c4080000, 0x000000066ab00000)
  object space 66048K, 29% used [0x00000003c0000000,0x00000003c1308a30,0x00000003c4080000)
 Metaspace       used 34877K, capacity 35184K, committed 35496K, reserved 1079296K
  class space    used 4868K, capacity 4980K, committed 5032K, reserved 1048576K
Event: 3.513 GC heap after
Heap after GC invocations=7 (full 2):
 PSYoungGen      total 132096K, used 0K [0x000000066ab00000, 0x0000000674380000, 0x00000007c0000000)
  eden space 126976K, 0% used [0x000000066ab00000,0x000000066ab00000,0x0000000672700000)
  from space 5120K, 0% used [0x0000000672700000,0x0000000672700000,0x0000000672c00000)
  to   space 11776K, 0% used [0x0000000673800000,0x0000000673800000,0x0000000674380000)
 ParOldGen       total 104448K, used 20059K [0x00000003c0000000, 0x00000003c6600000, 0x000000066ab00000)
  object space 104448K, 19% used [0x00000003c0000000,0x00000003c1396c80,0x00000003c6600000)
 Metaspace       used 34875K, capacity 35178K, committed 35496K, reserved 1079296K
  class space    used 4867K, capacity 4979K, committed 5032K, reserved 1048576K
}
Event: 5.075 GC heap before
{Heap before GC invocations=8 (full 2):
 PSYoungGen      total 132096K, used 126976K [0x000000066ab00000, 0x0000000674380000, 0x00000007c0000000)
  eden space 126976K, 100% used [0x000000066ab00000,0x0000000672700000,0x0000000672700000)
  from space 5120K, 0% used [0x0000000672700000,0x0000000672700000,0x0000000672c00000)
  to   space 11776K, 0% used [0x0000000673800000,0x0000000673800000,0x0000000674380000)
 ParOldGen       total 104448K, used 20059K [0x00000003c0000000, 0x00000003c6600000, 0x000000066ab00000)
  object space 104448K, 19% used [0x00000003c0000000,0x00000003c1396c80,0x00000003c6600000)
 Metaspace       used 43124K, capacity 43726K, committed 43944K, reserved 1087488K
  class space    used 6355K, capacity 6515K, committed 6568K, reserved 1048576K
Event: 5.151 GC heap after
Heap after GC invocations=8 (full 2):
 PSYoungGen      total 125440K, used 11747K [0x000000066ab00000, 0x000000067a380000, 0x00000007c0000000)
  eden space 113664K, 0% used [0x000000066ab00000,0x000000066ab00000,0x0000000671a00000)
  from space 11776K, 99% used [0x0000000673800000,0x0000000674378d40,0x0000000674380000)
  to   space 30720K, 0% used [0x0000000671a00000,0x0000000671a00000,0x0000000673800000)
 ParOldGen       total 104448K, used 51511K [0x00000003c0000000, 0x00000003c6600000, 0x000000066ab00000)
  object space 104448K, 49% used [0x00000003c0000000,0x00000003c324dd80,0x00000003c6600000)
 Metaspace       used 43124K, capacity 43726K, committed 43944K, reserved 1087488K
  class space    used 6355K, capacity 6515K, committed 6568K, reserved 1048576K
}
Event: 7.590 GC heap before
{Heap before GC invocations=9 (full 2):
 PSYoungGen      total 125440K, used 125411K [0x000000066ab00000, 0x000000067a380000, 0x00000007c0000000)
  eden space 113664K, 100% used [0x000000066ab00000,0x0000000671a00000,0x0000000671a00000)
  from space 11776K, 99% used [0x0000000673800000,0x0000000674378d40,0x0000000674380000)
  to   space 30720K, 0% used [0x0000000671a00000,0x0000000671a00000,0x0000000673800000)
 ParOldGen       total 104448K, used 51511K [0x00000003c0000000, 0x00000003c6600000, 0x000000066ab00000)
  object space 104448K, 49% used [0x00000003c0000000,0x00000003c324dd80,0x00000003c6600000)
 Metaspace       used 53385K, capacity 54408K, committed 54696K, reserved 1095680K
  class space    used 8022K, capacity 8288K, committed 8360K, reserved 1048576K
Event: 7.653 GC heap after
Heap after GC invocations=9 (full 2):
 PSYoungGen      total 144384K, used 30698K [0x000000066ab00000, 0x000000067b280000, 0x00000007c0000000)
  eden space 113664K, 0% used [0x000000066ab00000,0x000000066ab00000,0x0000000671a00000)
  from space 30720K, 99% used [0x0000000671a00000,0x00000006737fa900,0x0000000673800000)
  to   space 48128K, 0% used [0x0000000678380000,0x0000000678380000,0x000000067b280000)
 ParOldGen       total 104448K, used 74093K [0x00000003c0000000, 0x00000003c6600000, 0x000000066ab00000)
  object space 104448K, 70% used [0x00000003c0000000,0x00000003c485b6b0,0x00000003c6600000)
 Metaspace       used 53385K, capacity 54408K, committed 54696K, reserved 1095680K
  class space    used 8022K, capacity 8288K, committed 8360K, reserved 1048576K
}
Event: 11.659 GC heap before
{Heap before GC invocations=10 (full 2):
 PSYoungGen      total 144384K, used 144362K [0x000000066ab00000, 0x000000067b280000, 0x00000007c0000000)
  eden space 113664K, 100% used [0x000000066ab00000,0x0000000671a00000,0x0000000671a00000)
  from space 30720K, 99% used [0x0000000671a00000,0x00000006737fa900,0x0000000673800000)
  to   space 48128K, 0% used [0x0000000678380000,0x0000000678380000,0x000000067b280000)
 ParOldGen       total 104448K, used 74093K [0x00000003c0000000, 0x00000003c6600000, 0x000000066ab00000)
  object space 104448K, 70% used [0x00000003c0000000,0x00000003c485b6b0,0x00000003c6600000)
 Metaspace       used 57513K, capacity 58534K, committed 58664K, reserved 1099776K
  class space    used 8645K, capacity 8923K, committed 9000K, reserved 1048576K
Event: 11.710 GC heap after
Heap after GC invocations=10 (full 2):
 PSYoungGen      total 209920K, used 48110K [0x000000066ab00000, 0x000000067c680000, 0x00000007c0000000)
  eden space 161792K, 0% used [0x000000066ab00000,0x000000066ab00000,0x0000000674900000)
  from space 48128K, 99% used [0x0000000678380000,0x000000067b27ba68,0x000000067b280000)
  to   space 59904K, 0% used [0x0000000674900000,0x0000000674900000,0x0000000678380000)
 ParOldGen       total 104448K, used 80952K [0x00000003c0000000, 0x00000003c6600000, 0x000000066ab00000)
  object space 104448K, 77% used [0x00000003c0000000,0x00000003c4f0e2b8,0x00000003c6600000)
 Metaspace       used 57513K, capacity 58534K, committed 58664K, reserved 1099776K
  class space    used 8645K, capacity 8923K, committed 9000K, reserved 1048576K
}
Event: 11.710 GC heap before
{Heap before GC invocations=11 (full 3):
 PSYoungGen      total 209920K, used 48110K [0x000000066ab00000, 0x000000067c680000, 0x00000007c0000000)
  eden space 161792K, 0% used [0x000000066ab00000,0x000000066ab00000,0x0000000674900000)
  from space 48128K, 99% used [0x0000000678380000,0x000000067b27ba68,0x000000067b280000)
  to   space 59904K, 0% used [0x0000000674900000,0x0000000674900000,0x0000000678380000)
 ParOldGen       total 104448K, used 80952K [0x00000003c0000000, 0x00000003c6600000, 0x000000066ab00000)
  object space 104448K, 77% used [0x00000003c0000000,0x00000003c4f0e2b8,0x00000003c6600000)
 Metaspace       used 57513K, capacity 58534K, committed 58664K, reserved 1099776K
  class space    used 8645K, capacity 8923K, committed 9000K, reserved 1048576K
Event: 11.855 GC heap after
Heap after GC invocations=11 (full 3):
 PSYoungGen      total 209920K, used 0K [0x000000066ab00000, 0x000000067c680000, 0x00000007c0000000)
  eden space 161792K, 0% used [0x000000066ab00000,0x000000066ab00000,0x0000000674900000)
  from space 48128K, 0% used [0x0000000678380000,0x0000000678380000,0x000000067b280000)
  to   space 59904K, 0% used [0x0000000674900000,0x0000000674900000,0x0000000678380000)
 ParOldGen       total 104448K, used 69070K [0x00000003c0000000, 0x00000003c6600000, 0x000000066ab00000)
  object space 104448K, 66% used [0x00000003c0000000,0x00000003c4373948,0x00000003c6600000)
 Metaspace       used 57513K, capacity 58534K, committed 58664K, reserved 1099776K
  class space    used 8645K, capacity 8923K, committed 9000K, reserved 1048576K
}

